c:\users\58472\desktop\2024_proj\2024_practice_directx11\2024_practice_directx11\x64\release\vc143.pdb
c:\users\58472\desktop\2024_proj\2024_practice_directx11\2024_practice_directx11\x64\release\dxtrace.obj
c:\users\58472\desktop\2024_proj\2024_practice_directx11\2024_practice_directx11\x64\release\debuglog.obj
c:\users\58472\desktop\2024_proj\2024_practice_directx11\2024_practice_directx11\x64\release\btcollidermanager.obj
c:\users\58472\desktop\2024_proj\2024_practice_directx11\2024_practice_directx11\x64\release\renderstate.obj
c:\users\58472\desktop\2024_proj\2024_practice_directx11\2024_practice_directx11\x64\release\lightbase.obj
c:\users\58472\desktop\2024_proj\2024_practice_directx11\2024_practice_directx11\x64\release\kinput.obj
c:\users\58472\desktop\2024_proj\2024_practice_directx11\2024_practice_directx11\x64\release\geometry.obj
c:\users\58472\desktop\2024_proj\2024_practice_directx11\2024_practice_directx11\x64\release\firstpersoncamera.obj
c:\users\58472\desktop\2024_proj\2024_practice_directx11\2024_practice_directx11\x64\release\d3dutil.obj
c:\users\58472\desktop\2024_proj\2024_practice_directx11\2024_practice_directx11\x64\release\d3dapp.obj
c:\users\58472\desktop\2024_proj\2024_practice_directx11\2024_practice_directx11\x64\release\d2dbrush.obj
c:\users\58472\desktop\2024_proj\2024_practice_directx11\2024_practice_directx11\x64\release\cylinder.obj
c:\users\58472\desktop\2024_proj\2024_practice_directx11\2024_practice_directx11\x64\release\cylinderonecap.obj
c:\users\58472\desktop\2024_proj\2024_practice_directx11\2024_practice_directx11\x64\release\capsule.obj
c:\users\58472\desktop\2024_proj\2024_practice_directx11\2024_practice_directx11\x64\release\camerabase.obj
c:\users\58472\desktop\2024_proj\2024_practice_directx11\2024_practice_directx11\x64\release\cube.obj
c:\users\58472\desktop\2024_proj\2024_practice_directx11\2024_practice_directx11\x64\release\circle.obj
c:\users\58472\desktop\2024_proj\2024_practice_directx11\2024_practice_directx11\x64\release\timer.obj
c:\users\58472\desktop\2024_proj\2024_practice_directx11\2024_practice_directx11\x64\release\thirdpersoncamera.obj
c:\users\58472\desktop\2024_proj\2024_practice_directx11\2024_practice_directx11\x64\release\texture.obj
c:\users\58472\desktop\2024_proj\2024_practice_directx11\2024_practice_directx11\x64\release\startup.obj
c:\users\58472\desktop\2024_proj\2024_practice_directx11\2024_practice_directx11\x64\release\sphere.obj
c:\users\58472\desktop\2024_proj\2024_practice_directx11\2024_practice_directx11\x64\release\shader.obj
c:\users\58472\desktop\2024_proj\2024_practice_directx11\2024_practice_directx11\x64\release\scenebase.obj
c:\users\58472\desktop\2024_proj\2024_practice_directx11\2024_practice_directx11\x64\release\rigidbody.obj
c:\users\58472\desktop\2024_proj\2024_practice_directx11\2024_practice_directx11\x64\release\primitive.obj
c:\users\58472\desktop\2024_proj\2024_practice_directx11\2024_practice_directx11\x64\release\pointlight.obj
c:\users\58472\desktop\2024_proj\2024_practice_directx11\2024_practice_directx11\x64\release\plane3d.obj
c:\users\58472\desktop\2024_proj\2024_practice_directx11\2024_practice_directx11\x64\release\mesh.obj
c:\users\58472\desktop\2024_proj\2024_practice_directx11\2024_practice_directx11\x64\release\ingredients.obj
c:\users\58472\desktop\2024_proj\2024_practice_directx11\2024_practice_directx11\x64\release\gui.obj
c:\users\58472\desktop\2024_proj\2024_practice_directx11\2024_practice_directx11\x64\release\water.obj
c:\users\58472\desktop\2024_proj\2024_practice_directx11\2024_practice_directx11\x64\release\ui2d.obj
c:\users\58472\desktop\2024_proj\2024_practice_directx11\2024_practice_directx11\x64\release\transform.obj
c:\users\58472\desktop\2024_proj\2024_practice_directx11\2024_practice_directx11\x64\release\scenetitle.obj
c:\users\58472\desktop\2024_proj\2024_practice_directx11\2024_practice_directx11\x64\release\scenemanager.obj
c:\users\58472\desktop\2024_proj\2024_practice_directx11\2024_practice_directx11\x64\release\scenelab.obj
c:\users\58472\desktop\2024_proj\2024_practice_directx11\2024_practice_directx11\x64\release\model.obj
c:\users\58472\desktop\2024_proj\2024_practice_directx11\2024_practice_directx11\x64\release\gampapp.obj
c:\users\58472\desktop\2024_proj\2024_practice_directx11\2024_practice_directx11\x64\release\dirlight.obj
c:\users\58472\desktop\2024_proj\2024_practice_directx11\2024_practice_directx11\x64\release\object.obj
c:\users\58472\desktop\2024_proj\2024_practice_directx11\2024_practice_directx11\x64\release\collider.obj
c:\users\58472\desktop\2024_proj\2024_practice_directx11\2024_practice_directx11\x64\release\canvasui.obj
c:\users\58472\desktop\2024_proj\2024_practice_directx11\2024_practice_directx11\x64\release\container.obj
c:\users\58472\desktop\2024_proj\2024_practice_directx11\2024_practice_directx11\x64\release\ui_button.obj
c:\users\58472\desktop\2024_proj\2024_practice_directx11\x64\release\ps_object.cso
c:\users\58472\desktop\2024_proj\2024_practice_directx11\x64\release\ps_buttonui.cso
c:\users\58472\desktop\2024_proj\2024_practice_directx11\x64\release\ps_geometry.cso
c:\users\58472\desktop\2024_proj\2024_practice_directx11\x64\release\ps_primitives.cso
c:\users\58472\desktop\2024_proj\2024_practice_directx11\x64\release\ps_defaultui.cso
c:\users\58472\desktop\2024_proj\2024_practice_directx11\x64\release\ps_uliobj.cso
c:\users\58472\desktop\2024_proj\2024_practice_directx11\x64\release\ps_water.cso
c:\users\58472\desktop\2024_proj\2024_practice_directx11\x64\release\vs_box.cso
c:\users\58472\desktop\2024_proj\2024_practice_directx11\x64\release\vs_geometry.cso
c:\users\58472\desktop\2024_proj\2024_practice_directx11\x64\release\vs_primitives.cso
c:\users\58472\desktop\2024_proj\2024_practice_directx11\x64\release\vs_defaultui.cso
c:\users\58472\desktop\2024_proj\2024_practice_directx11\x64\release\vs_uliobj.cso
c:\users\58472\desktop\2024_proj\2024_practice_directx11\x64\release\vs_water.cso
c:\users\58472\desktop\2024_proj\2024_practice_directx11\x64\release\2024_practice_directx11.exe
c:\users\58472\desktop\2024_proj\2024_practice_directx11\x64\release\2024_practice_directx11.pdb
c:\users\58472\desktop\2024_proj\2024_practice_directx11\x64\release\2024_practice_directx11.lib
c:\users\58472\desktop\2024_proj\2024_practice_directx11\x64\release\2024_practice_directx11.exp
c:\users\58472\desktop\2024_proj\2024_practice_directx11\2024_practice_directx11\x64\release\2024_practice_directx11.ipdb
c:\users\58472\desktop\2024_proj\2024_practice_directx11\2024_practice_directx11\x64\release\2024_practice_directx11.iobj
c:\users\58472\desktop\2024_proj\2024_practice_directx11\2024_practice_directx11\x64\release\2024_pra.5a4a93cf.tlog\cl.command.1.tlog
c:\users\58472\desktop\2024_proj\2024_practice_directx11\2024_practice_directx11\x64\release\2024_pra.5a4a93cf.tlog\cl.items.tlog
c:\users\58472\desktop\2024_proj\2024_practice_directx11\2024_practice_directx11\x64\release\2024_pra.5a4a93cf.tlog\cl.read.1.tlog
c:\users\58472\desktop\2024_proj\2024_practice_directx11\2024_practice_directx11\x64\release\2024_pra.5a4a93cf.tlog\cl.write.1.tlog
c:\users\58472\desktop\2024_proj\2024_practice_directx11\2024_practice_directx11\x64\release\2024_pra.5a4a93cf.tlog\fxc.command.1.tlog
c:\users\58472\desktop\2024_proj\2024_practice_directx11\2024_practice_directx11\x64\release\2024_pra.5a4a93cf.tlog\fxc.read.1.tlog
c:\users\58472\desktop\2024_proj\2024_practice_directx11\2024_practice_directx11\x64\release\2024_pra.5a4a93cf.tlog\fxc.write.1.tlog
c:\users\58472\desktop\2024_proj\2024_practice_directx11\2024_practice_directx11\x64\release\2024_pra.5a4a93cf.tlog\link.command.1.tlog
c:\users\58472\desktop\2024_proj\2024_practice_directx11\2024_practice_directx11\x64\release\2024_pra.5a4a93cf.tlog\link.read.1.tlog
c:\users\58472\desktop\2024_proj\2024_practice_directx11\2024_practice_directx11\x64\release\2024_pra.5a4a93cf.tlog\link.secondary.1.tlog
c:\users\58472\desktop\2024_proj\2024_practice_directx11\2024_practice_directx11\x64\release\2024_pra.5a4a93cf.tlog\link.write.1.tlog
