  Box3D.cpp
  Cylinder.cpp
  Plane3D.cpp
  Primitive.cpp
  SceneBlank.cpp
  SceneManager.cpp
  Sphere3D.cpp
imgui.lib(imgui_impl_dx11.obj) : warning LNK4075: /EDITANDCONTINUE は /OPT:ICF の指定によって無視されます。
     ライブラリ C:\Users\58472\Desktop\2024_Proj\2024_Practice_DirectX11\x64\Release\2024_Practice_DirectX11.lib とオブジェクト C:\Users\58472\Desktop\2024_Proj\2024_Practice_DirectX11\x64\Release\2024_Practice_DirectX11.exp を作成中
LINK : warning LNK4098: defaultlib 'MSVCRTD' は他のライブラリの使用と競合しています。/NODEFAULTLIB:library を使用してください。
  コード生成しています。
  9 of 2492 functions ( 0.4%) were compiled, the rest were copied from previous compilation.
    0 functions were new in current compilation
    8 functions had inline decision re-evaluated but remain unchanged
  コード生成が終了しました。
imgui.lib(imgui_impl_dx11.obj) : warning LNK4099: PDB '' が 'imgui.lib(imgui_impl_dx11.obj)' で、または '' に見つかりません。デバッグ情報がないものとして、オブジェクトにリンクします。
imgui.lib(imgui_impl_win32.obj) : warning LNK4099: PDB '' が 'imgui.lib(imgui_impl_win32.obj)' で、または '' に見つかりません。デバッグ情報がないものとして、オブジェクトにリンクします。
imgui.lib(imgui.obj) : warning LNK4099: PDB '' が 'imgui.lib(imgui.obj)' で、または '' に見つかりません。デバッグ情報がないものとして、オブジェクトにリンクします。
imgui.lib(imgui_draw.obj) : warning LNK4099: PDB '' が 'imgui.lib(imgui_draw.obj)' で、または '' に見つかりません。デバッグ情報がないものとして、オブジェクトにリンクします。
imgui.lib(imgui_widgets.obj) : warning LNK4099: PDB '' が 'imgui.lib(imgui_widgets.obj)' で、または '' に見つかりません。デバッグ情報がないものとして、オブジェクトにリンクします。
imgui.lib(imgui_tables.obj) : warning LNK4099: PDB '' が 'imgui.lib(imgui_tables.obj)' で、または '' に見つかりません。デバッグ情報がないものとして、オブジェクトにリンクします。
  2024_Practice_DirectX11.vcxproj -> C:\Users\58472\Desktop\2024_Proj\2024_Practice_DirectX11\x64\Release\2024_Practice_DirectX11.exe
