c:\users\58472\desktop\就職\就職作品\2024_project_directx11\2024_practice_directx11\x64\debug\2024_practice_directx11.lib
c:\users\58472\desktop\就職\就職作品\2024_project_directx11\2024_practice_directx11\x64\debug\2024_practice_directx11.exp
c:\users\58472\desktop\就職\就職作品\2024_project_directx11\2024_practice_directx11\2024_practice_directx11\x64\debug\vc143.pdb
c:\users\58472\desktop\就職\就職作品\2024_project_directx11\2024_practice_directx11\2024_practice_directx11\x64\debug\vc143.idb
c:\users\58472\desktop\就職\就職作品\2024_project_directx11\2024_practice_directx11\2024_practice_directx11\x64\debug\timer.obj
c:\users\58472\desktop\就職\就職作品\2024_project_directx11\2024_practice_directx11\2024_practice_directx11\x64\debug\startup.obj
c:\users\58472\desktop\就職\就職作品\2024_project_directx11\2024_practice_directx11\2024_practice_directx11\x64\debug\gampapp.obj
c:\users\58472\desktop\就職\就職作品\2024_project_directx11\2024_practice_directx11\2024_practice_directx11\x64\debug\dxtrace.obj
c:\users\58472\desktop\就職\就職作品\2024_project_directx11\2024_practice_directx11\2024_practice_directx11\x64\debug\debuglog.obj
c:\users\58472\desktop\就職\就職作品\2024_project_directx11\2024_practice_directx11\2024_practice_directx11\x64\debug\d3dutil.obj
c:\users\58472\desktop\就職\就職作品\2024_project_directx11\2024_practice_directx11\2024_practice_directx11\x64\debug\d3dapp.obj
c:\users\58472\desktop\就職\就職作品\2024_project_directx11\2024_practice_directx11\x64\debug\2024_practice_directx11.exe
c:\users\58472\desktop\就職\就職作品\2024_project_directx11\2024_practice_directx11\2024_practice_directx11\x64\debug\2024_practice_directx11.ilk
c:\users\58472\desktop\就職\就職作品\2024_project_directx11\2024_practice_directx11\x64\debug\2024_practice_directx11.pdb
c:\users\58472\desktop\就職\就職作品\2024_project_directx11\2024_practice_directx11\2024_practice_directx11\x64\debug\d3dapp.obj.enc
c:\users\58472\desktop\就職\就職作品\2024_project_directx11\2024_practice_directx11\2024_practice_directx11\x64\debug\d3dutil.obj.enc
c:\users\58472\desktop\就職\就職作品\2024_project_directx11\2024_practice_directx11\2024_practice_directx11\x64\debug\2024_pra.5a4a93cf.tlog\2024_practice_directx11.write.1u.tlog
c:\users\58472\desktop\就職\就職作品\2024_project_directx11\2024_practice_directx11\2024_practice_directx11\x64\debug\2024_pra.5a4a93cf.tlog\cl.command.1.tlog
c:\users\58472\desktop\就職\就職作品\2024_project_directx11\2024_practice_directx11\2024_practice_directx11\x64\debug\2024_pra.5a4a93cf.tlog\cl.read.1.tlog
c:\users\58472\desktop\就職\就職作品\2024_project_directx11\2024_practice_directx11\2024_practice_directx11\x64\debug\2024_pra.5a4a93cf.tlog\cl.write.1.tlog
c:\users\58472\desktop\就職\就職作品\2024_project_directx11\2024_practice_directx11\2024_practice_directx11\x64\debug\2024_pra.5a4a93cf.tlog\link.command.1.tlog
c:\users\58472\desktop\就職\就職作品\2024_project_directx11\2024_practice_directx11\2024_practice_directx11\x64\debug\2024_pra.5a4a93cf.tlog\link.read.1.tlog
c:\users\58472\desktop\就職\就職作品\2024_project_directx11\2024_practice_directx11\2024_practice_directx11\x64\debug\2024_pra.5a4a93cf.tlog\link.write.1.tlog
